app/build/outputs/logs/manifest-merger-debug-report.txt
-- Merging decision tree log ---
manifest
ADDED from src\main\AndroidManifest.xml:2:1-191:12
	package
		ADDED from src\main\AndroidManifest.xml:3:5-35
		INJECTED from src\main\AndroidManifest.xml
		INJECTED from src\main\AndroidManifest.xml
	android:versionName
		ADDED from src\main\AndroidManifest.xml:6:5-33
	android:versionCode
		ADDED from src\main\AndroidManifest.xml:5:5-29
		INJECTED from src\main\AndroidManifest.xml
		INJECTED from src\main\AndroidManifest.xml
	xmlns:android
		ADDED from src\main\AndroidManifest.xml:2:11-69
	android:installLocation
		ADDED from src\main\AndroidManifest.xml:4:5-35
uses-sdk
ADDED from src\main\AndroidManifest.xml:8:5-10:41
MERGED from [com.android.support:support-v4:21.0.2] AndroidManifest.xml:15:5-42
MERGED from [RatesCar:aFileDialog:unspecified] AndroidManifest.xml:7:5-9:41
MERGED from [com.google.android.gms:play-services:6.5.87] AndroidManifest.xml:18:5-42
MERGED from [com.android.support:support-v4:21.0.2] AndroidManifest.xml:15:5-42
	android:targetSdkVersion
		ADDED from src\main\AndroidManifest.xml:10:9-38
		INJECTED from src\main\AndroidManifest.xml
		INJECTED from src\main\AndroidManifest.xml
	android:minSdkVersion
		ADDED from src\main\AndroidManifest.xml:9:9-35
		INJECTED from src\main\AndroidManifest.xml
		INJECTED from src\main\AndroidManifest.xml
uses-permission#android.permission.READ_EXTERNAL_STORAGE
ADDED from src\main\AndroidManifest.xml:12:5-80
	android:name
		ADDED from src\main\AndroidManifest.xml:12:22-77
uses-permission#android.permission.WRITE_EXTERNAL_STORAGE
ADDED from src\main\AndroidManifest.xml:13:5-81
	android:name
		ADDED from src\main\AndroidManifest.xml:13:22-78
uses-permission#android.permission.READ_PHONE_STATE
ADDED from src\main\AndroidManifest.xml:14:5-75
	android:name
		ADDED from src\main\AndroidManifest.xml:14:22-72
uses-permission#android.permission.INTERNET
ADDED from src\main\AndroidManifest.xml:15:5-67
	android:name
		ADDED from src\main\AndroidManifest.xml:15:22-64
uses-permission#android.permission.ACCESS_NETWORK_STATE
ADDED from src\main\AndroidManifest.xml:16:5-79
	android:name
		ADDED from src\main\AndroidManifest.xml:16:22-76
application
ADDED from src\main\AndroidManifest.xml:18:5-189:19
MERGED from [com.android.support:support-v4:21.0.2] AndroidManifest.xml:16:5-19
MERGED from [RatesCar:aFileDialog:unspecified] AndroidManifest.xml:11:5-13:19
MERGED from [com.google.android.gms:play-services:6.5.87] AndroidManifest.xml:20:5-24:19
MERGED from [com.android.support:support-v4:21.0.2] AndroidManifest.xml:16:5-19
	android:label
		ADDED from src\main\AndroidManifest.xml:21:9-41
	android:allowBackup
		ADDED from src\main\AndroidManifest.xml:19:9-35
	android:icon
		ADDED from src\main\AndroidManifest.xml:20:9-45
	android:theme
		ADDED from src\main\AndroidManifest.xml:22:9-40
meta-data#com.google.android.gms.version
ADDED from src\main\AndroidManifest.xml:25:9-27:69
MERGED from [com.google.android.gms:play-services:6.5.87] AndroidManifest.xml:21:9-23:69
	android:value
		ADDED from src\main\AndroidManifest.xml:27:13-66
	android:name
		ADDED from src\main\AndroidManifest.xml:26:13-58
activity#com.jmgarzo.ratescar.MainActivity
ADDED from src\main\AndroidManifest.xml:34:9-42:20
	android:label
		ADDED from src\main\AndroidManifest.xml:36:13-45
	android:name
		ADDED from src\main\AndroidManifest.xml:35:13-41
intent-filter#android.intent.action.MAIN+android.intent.category.LAUNCHER
ADDED from src\main\AndroidManifest.xml:37:13-41:29
action#android.intent.action.MAIN
ADDED from src\main\AndroidManifest.xml:38:17-69
	android:name
		ADDED from src\main\AndroidManifest.xml:38:25-66
category#android.intent.category.LAUNCHER
ADDED from src\main\AndroidManifest.xml:40:17-77
	android:name
		ADDED from src\main\AndroidManifest.xml:40:27-74
activity#com.jmgarzo.ratescar.FragmentInicio
ADDED from src\main\AndroidManifest.xml:46:9-48:70
	android:label
		ADDED from src\main\AndroidManifest.xml:48:13-67
	android:name
		ADDED from src\main\AndroidManifest.xml:47:13-43
activity#com.jmgarzo.ratescar.FragmentRepostajes
ADDED from src\main\AndroidManifest.xml:49:9-51:74
	android:label
		ADDED from src\main\AndroidManifest.xml:51:13-71
	android:name
		ADDED from src\main\AndroidManifest.xml:50:13-47
activity#com.jmgarzo.ratescar.FragmentMantenimientos
ADDED from src\main\AndroidManifest.xml:52:9-54:78
	android:label
		ADDED from src\main\AndroidManifest.xml:54:13-75
	android:name
		ADDED from src\main\AndroidManifest.xml:53:13-51
activity#com.jmgarzo.ratescar.FragmentItv
ADDED from src\main\AndroidManifest.xml:55:9-57:68
	android:label
		ADDED from src\main\AndroidManifest.xml:57:13-65
	android:name
		ADDED from src\main\AndroidManifest.xml:56:13-40
activity#com.jmgarzo.ratescar.FragmentPeaje
ADDED from src\main\AndroidManifest.xml:58:9-60:70
	android:label
		ADDED from src\main\AndroidManifest.xml:60:13-67
	android:name
		ADDED from src\main\AndroidManifest.xml:59:13-42
activity#com.jmgarzo.ratescar.FragmentSeguros
ADDED from src\main\AndroidManifest.xml:61:9-63:71
	android:label
		ADDED from src\main\AndroidManifest.xml:63:13-68
	android:name
		ADDED from src\main\AndroidManifest.xml:62:13-44
activity#com.jmgarzo.ratescar.FragmentAjustes
ADDED from src\main\AndroidManifest.xml:64:9-66:71
	android:label
		ADDED from src\main\AndroidManifest.xml:66:13-68
	android:name
		ADDED from src\main\AndroidManifest.xml:65:13-44
activity#com.jmgarzo.ratescar.FragmentImpuestoCirculacion
ADDED from src\main\AndroidManifest.xml:67:9-69:84
	android:label
		ADDED from src\main\AndroidManifest.xml:69:13-81
	android:name
		ADDED from src\main\AndroidManifest.xml:68:13-56
activity#com.jmgarzo.ratescar.FragmentEstadisticas
ADDED from src\main\AndroidManifest.xml:70:9-72:76
	android:label
		ADDED from src\main\AndroidManifest.xml:72:13-73
	android:name
		ADDED from src\main\AndroidManifest.xml:71:13-49
activity#com.jmgarzo.ratescar.FrmRepostaje
ADDED from src\main\AndroidManifest.xml:81:9-86:50
	android:screenOrientation
		ADDED from src\main\AndroidManifest.xml:86:13-47
	android:label
		ADDED from src\main\AndroidManifest.xml:84:13-65
	android:parentActivityName
		ADDED from src\main\AndroidManifest.xml:85:13-61
	android:configChanges
		ADDED from src\main\AndroidManifest.xml:83:13-72
	android:name
		ADDED from src\main\AndroidManifest.xml:82:13-41
activity#com.jmgarzo.ratescar.FrmRecambio
ADDED from src\main\AndroidManifest.xml:87:9-89:67
	android:label
		ADDED from src\main\AndroidManifest.xml:89:13-64
	android:name
		ADDED from src\main\AndroidManifest.xml:88:13-40
activity#com.jmgarzo.ratescar.FrmMantenimiento
ADDED from src\main\AndroidManifest.xml:90:9-93:68
	android:label
		ADDED from src\main\AndroidManifest.xml:92:13-69
	android:parentActivityName
		ADDED from src\main\AndroidManifest.xml:93:13-65
	android:name
		ADDED from src\main\AndroidManifest.xml:91:13-45
activity#com.jmgarzo.ratescar.FrmItv
ADDED from src\main\AndroidManifest.xml:94:9-97:57
	android:label
		ADDED from src\main\AndroidManifest.xml:96:13-59
	android:parentActivityName
		ADDED from src\main\AndroidManifest.xml:97:13-54
	android:name
		ADDED from src\main\AndroidManifest.xml:95:13-35
activity#com.jmgarzo.ratescar.FrmPeaje
ADDED from src\main\AndroidManifest.xml:98:9-101:59
	android:label
		ADDED from src\main\AndroidManifest.xml:100:13-61
	android:parentActivityName
		ADDED from src\main\AndroidManifest.xml:101:13-56
	android:name
		ADDED from src\main\AndroidManifest.xml:99:13-37
activity#com.jmgarzo.ratescar.FrmSeguro
ADDED from src\main\AndroidManifest.xml:102:9-105:61
	android:label
		ADDED from src\main\AndroidManifest.xml:104:13-62
	android:parentActivityName
		ADDED from src\main\AndroidManifest.xml:105:13-58
	android:name
		ADDED from src\main\AndroidManifest.xml:103:13-38
activity#com.dropbox.sync.android.DbxAuthActivity
ADDED from src\main\AndroidManifest.xml:106:9-77
	android:name
		ADDED from src\main\AndroidManifest.xml:106:19-74
activity#com.dropbox.client2.android.AuthActivity
ADDED from src\main\AndroidManifest.xml:107:9-118:20
	android:launchMode
		ADDED from src\main\AndroidManifest.xml:109:13-44
	android:name
		ADDED from src\main\AndroidManifest.xml:108:13-68
intent-filter#android.intent.action.VIEW+android.intent.category.BROWSABLE+android.intent.category.DEFAULT
ADDED from src\main\AndroidManifest.xml:110:13-117:29
data
ADDED from src\main\AndroidManifest.xml:111:17-61
	android:scheme
		ADDED from src\main\AndroidManifest.xml:111:23-58
action#android.intent.action.VIEW
ADDED from src\main\AndroidManifest.xml:113:17-69
	android:name
		ADDED from src\main\AndroidManifest.xml:113:25-66
category#android.intent.category.BROWSABLE
ADDED from src\main\AndroidManifest.xml:115:17-78
	android:name
		ADDED from src\main\AndroidManifest.xml:115:27-75
category#android.intent.category.DEFAULT
ADDED from src\main\AndroidManifest.xml:116:17-76
	android:name
		ADDED from src\main\AndroidManifest.xml:116:27-73
service#com.dropbox.sync.android.DbxSyncService
ADDED from src\main\AndroidManifest.xml:120:9-124:44
	android:enabled
		ADDED from src\main\AndroidManifest.xml:122:13-35
	android:label
		ADDED from src\main\AndroidManifest.xml:124:13-41
	android:exported
		ADDED from src\main\AndroidManifest.xml:123:13-37
	android:name
		ADDED from src\main\AndroidManifest.xml:121:13-67
activity#com.jmgarzo.ratescar.FrmImportarExportar
ADDED from src\main\AndroidManifest.xml:126:9-129:61
	android:label
		ADDED from src\main\AndroidManifest.xml:128:13-73
	android:parentActivityName
		ADDED from src\main\AndroidManifest.xml:129:13-58
	android:name
		ADDED from src\main\AndroidManifest.xml:127:13-48
activity#com.jmgarzo.ratescar.EstConsumoMedio2
ADDED from src\main\AndroidManifest.xml:137:9-140:66
	android:label
		ADDED from src\main\AndroidManifest.xml:139:13-70
	android:parentActivityName
		ADDED from src\main\AndroidManifest.xml:140:13-63
	android:name
		ADDED from src\main\AndroidManifest.xml:138:13-45
activity#com.jmgarzo.ratescar.FrmCoche
ADDED from src\main\AndroidManifest.xml:146:9-148:64
	android:label
		ADDED from src\main\AndroidManifest.xml:148:13-61
	android:name
		ADDED from src\main\AndroidManifest.xml:147:13-37
activity#com.google.android.gms.ads.AdActivity
ADDED from src\main\AndroidManifest.xml:149:9-151:125
	android:configChanges
		ADDED from src\main\AndroidManifest.xml:151:13-122
	android:name
		ADDED from src\main\AndroidManifest.xml:150:13-65
activity#com.jmgarzo.ratescar.FrmImpuestoCirculacion
ADDED from src\main\AndroidManifest.xml:152:9-155:73
	android:label
		ADDED from src\main\AndroidManifest.xml:154:13-76
	android:parentActivityName
		ADDED from src\main\AndroidManifest.xml:155:13-70
	android:name
		ADDED from src\main\AndroidManifest.xml:153:13-51
activity#com.jmgarzo.ratescar.LstOperaciones
ADDED from src\main\AndroidManifest.xml:156:9-159:20
	android:label
		ADDED from src\main\AndroidManifest.xml:158:13-77
	android:name
		ADDED from src\main\AndroidManifest.xml:157:13-43
activity#com.jmgarzo.ratescar.FrmOperacion
ADDED from src\main\AndroidManifest.xml:160:9-163:20
	android:label
		ADDED from src\main\AndroidManifest.xml:162:13-65
	android:name
		ADDED from src\main\AndroidManifest.xml:161:13-41
activity#com.jmgarzo.ratescar.LstMantenimientoOperaciones
ADDED from src\main\AndroidManifest.xml:164:9-167:20
	android:label
		ADDED from src\main\AndroidManifest.xml:166:13-81
	android:name
		ADDED from src\main\AndroidManifest.xml:165:13-56
activity#com.jmgarzo.ratescar.FrmMantenimientoOperacion
ADDED from src\main\AndroidManifest.xml:168:9-171:20
	android:label
		ADDED from src\main\AndroidManifest.xml:170:13-79
	android:name
		ADDED from src\main\AndroidManifest.xml:169:13-54
activity#com.jmgarzo.ratescar.LstOperacionesRecambios
ADDED from src\main\AndroidManifest.xml:172:9-175:20
	android:label
		ADDED from src\main\AndroidManifest.xml:174:13-77
	android:name
		ADDED from src\main\AndroidManifest.xml:173:13-52
activity#com.jmgarzo.ratescar.FrmOperacionRecambio
ADDED from src\main\AndroidManifest.xml:176:9-179:20
	android:label
		ADDED from src\main\AndroidManifest.xml:178:13-74
	android:name
		ADDED from src\main\AndroidManifest.xml:177:13-49
activity#com.jmgarzo.ratescar.LstRecambios
ADDED from src\main\AndroidManifest.xml:180:9-183:20
	android:label
		ADDED from src\main\AndroidManifest.xml:182:13-65
	android:name
		ADDED from src\main\AndroidManifest.xml:181:13-41
activity#com.jmgarzo.ratescar.FrmUnidades
ADDED from src\main\AndroidManifest.xml:184:9-188:20
	android:label
		ADDED from src\main\AndroidManifest.xml:186:13-64
	android:name
		ADDED from src\main\AndroidManifest.xml:185:13-40
activity#ar.com.daidalos.afiledialog.FileChooserActivity
ADDED from [RatesCar:aFileDialog:unspecified] AndroidManifest.xml:12:9-84
	android:name
		ADDED from [RatesCar:aFileDialog:unspecified] AndroidManifest.xml:12:19-81